SF:lib\models\app_settings.dart
DA:7,3
DA:14,3
DA:20,3
DA:21,3
DA:22,2
DA:23,3
DA:24,3
DA:27,1
DA:30,1
DA:31,3
DA:32,3
DA:33,3
DA:34,3
DA:36,1
DA:38,5
LF:15
LH:15
end_of_record
SF:lib\services\task_service.dart
DA:7,12
DA:9,3
DA:11,15
DA:17,2
DA:18,4
DA:22,4
DA:23,24
DA:24,16
DA:28,2
DA:29,10
DA:32,6
DA:33,3
LF:12
LH:12
end_of_record
SF:lib\models\task_model.dart
DA:23,7
DA:34,5
DA:44,5
DA:45,5
DA:46,5
DA:47,5
DA:48,5
DA:49,5
DA:50,5
DA:51,3
DA:52,5
DA:55,2
DA:57,4
DA:59,1
DA:60,2
DA:62,1
DA:63,4
DA:66,15
LF:18
LH:18
end_of_record
SF:lib\state\task_notifier.dart
DA:6,9
DA:10,2
DA:11,4
DA:13,2
DA:14,4
DA:15,6
DA:18,1
DA:19,2
DA:21,1
DA:22,2
DA:23,3
DA:26,1
DA:27,2
DA:28,3
DA:31,1
DA:32,2
DA:33,3
DA:36,1
DA:37,2
DA:38,3
DA:41,1
DA:42,5
DA:44,1
DA:45,5
LF:24
LH:24
end_of_record
SF:lib\models\user_model.dart
DA:6,4
DA:12,2
DA:13,1
DA:14,1
DA:15,1
DA:18,1
DA:20,4
DA:22,1
DA:23,2
DA:25,1
DA:26,4
LF:11
LH:11
end_of_record
SF:lib\screens\dashboard_screen.dart
DA:8,0
DA:13,1
DA:15,2
DA:16,2
DA:17,3
DA:18,4
DA:19,4
DA:20,2
DA:21,1
DA:23,1
DA:24,1
DA:25,1
DA:27,1
DA:31,1
DA:32,1
DA:34,0
DA:39,1
DA:41,1
DA:43,1
DA:45,1
DA:46,2
DA:47,1
DA:48,1
DA:54,1
DA:55,1
DA:56,3
DA:61,1
DA:62,1
DA:63,1
DA:64,1
DA:66,2
DA:73,1
DA:74,1
DA:76,1
DA:83,1
DA:84,1
DA:86,2
DA:97,1
DA:99,1
DA:100,1
DA:102,1
DA:103,1
DA:107,1
DA:109,1
DA:110,0
DA:111,1
DA:112,2
DA:119,1
DA:120,1
DA:122,1
DA:123,1
DA:126,1
DA:127,1
DA:135,3
DA:138,0
DA:141,3
DA:143,1
DA:144,1
DA:145,0
DA:147,4
DA:148,2
DA:149,1
DA:154,1
DA:156,1
DA:158,1
DA:159,1
DA:163,1
DA:164,1
DA:165,1
DA:166,1
DA:167,1
DA:170,0
DA:175,1
DA:176,1
DA:179,0
DA:190,1
DA:191,2
DA:192,1
DA:193,1
DA:197,1
DA:198,1
DA:199,1
DA:200,1
DA:204,8
DA:215,1
DA:223,1
DA:225,1
DA:226,3
DA:228,1
DA:230,1
DA:231,2
DA:232,1
DA:233,3
DA:235,1
DA:236,1
DA:237,3
DA:239,2
DA:240,1
DA:241,2
DA:243,1
DA:244,2
DA:246,4
DA:260,1
DA:267,1
DA:269,1
DA:271,1
DA:272,1
DA:273,1
DA:274,1
DA:275,1
DA:277,1
DA:279,1
DA:280,2
DA:281,1
DA:282,1
DA:283,1
DA:287,1
DA:288,1
DA:289,2
DA:291,2
DA:292,1
DA:293,2
LF:122
LH:115
end_of_record
SF:lib\state\providers.dart
DA:12,14
DA:13,6
DA:17,8
DA:18,5
DA:19,3
DA:22,4
DA:23,2
DA:24,0
DA:27,6
DA:28,6
DA:29,3
LF:11
LH:10
end_of_record
SF:lib\widgets\task_card.dart
DA:9,3
DA:16,3
DA:17,6
DA:18,3
DA:20,3
DA:22,0
DA:27,3
DA:28,6
DA:29,3
DA:31,3
DA:33,3
DA:35,2
DA:37,2
DA:39,1
DA:41,1
DA:46,3
DA:48,9
DA:52,3
DA:53,3
DA:58,0
DA:59,6
DA:61,3
DA:62,21
DA:63,6
DA:64,3
DA:65,3
DA:67,3
DA:68,6
DA:69,3
DA:73,3
DA:74,3
DA:75,3
DA:80,3
DA:82,3
DA:83,3
DA:84,3
DA:85,3
DA:86,3
DA:88,3
DA:89,3
DA:91,3
DA:94,3
DA:95,6
DA:96,3
DA:99,9
DA:104,3
DA:105,3
DA:107,3
DA:108,3
DA:109,6
DA:110,3
DA:111,3
DA:114,6
DA:121,3
DA:122,15
DA:123,3
DA:124,6
DA:133,3
DA:134,6
DA:137,6
LF:60
LH:58
end_of_record
SF:lib\services\auth_service.dart
DA:5,2
DA:6,0
DA:7,0
DA:25,1
DA:26,1
DA:27,2
DA:28,2
DA:33,1
DA:40,1
DA:42,1
DA:43,2
DA:44,2
DA:48,1
DA:49,3
DA:50,1
DA:53,2
LF:16
LH:14
end_of_record
SF:lib\state\auth_notifier.dart
DA:10,3
DA:12,4
DA:14,1
DA:21,1
DA:22,1
DA:23,0
DA:24,1
DA:29,10
DA:33,1
DA:34,3
DA:36,2
DA:37,2
DA:39,1
DA:40,3
DA:45,1
DA:46,3
DA:48,2
DA:49,2
DA:51,1
DA:52,3
DA:57,3
DA:58,3
LF:22
LH:21
end_of_record
SF:lib\state\settings_notifier.dart
DA:9,8
DA:11,1
DA:12,3
DA:13,6
DA:17,1
DA:18,3
DA:19,6
DA:23,1
DA:24,1
DA:25,3
DA:28,2
DA:29,10
DA:32,1
DA:33,5
DA:36,1
DA:37,5
LF:16
LH:16
end_of_record
SF:lib\screens\login_screen.dart
DA:7,1
DA:9,2
DA:10,2
DA:23,2
DA:25,4
DA:26,4
DA:27,4
DA:28,2
DA:31,1
DA:32,3
DA:33,0
DA:35,0
DA:36,0
DA:37,0
DA:39,0
DA:41,0
DA:44,2
DA:46,6
DA:47,2
DA:48,2
DA:50,2
DA:52,2
DA:53,2
DA:54,2
DA:56,2
DA:58,2
DA:60,2
DA:61,2
DA:64,2
DA:66,2
DA:73,2
DA:75,2
DA:77,8
DA:84,2
DA:85,2
DA:86,2
DA:87,2
DA:88,2
DA:89,4
DA:94,2
DA:96,2
DA:98,2
DA:99,2
DA:100,2
DA:101,2
DA:107,2
DA:108,2
DA:109,2
DA:111,2
DA:113,0
DA:114,0
DA:116,0
DA:118,0
DA:120,0
DA:121,0
DA:124,0
DA:135,3
DA:136,1
DA:137,1
DA:141,0
DA:142,0
DA:149,2
DA:150,2
DA:155,1
DA:156,2
DA:159,2
DA:165,2
DA:167,2
DA:168,2
DA:170,2
DA:174,2
DA:175,2
DA:176,4
DA:179,0
DA:180,0
DA:181,2
DA:185,1
DA:186,1
DA:189,0
DA:195,2
DA:198,2
DA:200,2
DA:201,2
DA:202,2
DA:205,2
DA:206,2
DA:215,2
DA:216,2
DA:225,4
DA:227,2
DA:230,2
DA:231,2
DA:241,2
DA:242,1
DA:243,2
DA:244,2
DA:245,3
DA:247,5
DA:249,2
DA:250,2
DA:264,2
DA:276,2
DA:282,2
DA:287,4
DA:291,4
DA:292,2
DA:293,2
DA:294,4
DA:296,2
DA:297,2
LF:110
LH:92
end_of_record
SF:lib\main.dart
DA:7,0
DA:8,0
DA:12,1
DA:14,1
DA:16,2
DA:17,2
DA:19,1
DA:23,1
DA:24,2
DA:25,1
DA:26,2
DA:27,1
DA:31,1
DA:33,1
DA:34,2
DA:46,0
DA:49,0
DA:50,0
DA:51,0
DA:57,1
DA:60,1
DA:71,3
DA:72,1
DA:76,1
DA:77,1
DA:80,1
LF:26
LH:20
end_of_record
SF:lib\router\app_router.dart
DA:22,1
DA:23,3
DA:26,1
DA:27,4
DA:28,2
DA:38,4
DA:39,1
DA:41,1
DA:44,1
DA:45,1
DA:47,1
DA:49,1
DA:53,1
DA:54,0
DA:55,1
DA:57,2
DA:58,1
DA:60,0
DA:64,2
DA:65,1
DA:67,0
DA:68,1
DA:69,1
DA:71,0
DA:74,1
DA:76,0
DA:77,0
DA:79,1
DA:80,1
DA:82,0
DA:83,0
DA:92,2
DA:93,1
DA:95,0
DA:99,2
DA:100,1
DA:102,0
DA:106,2
DA:107,1
DA:109,0
LF:40
LH:29
end_of_record
SF:lib\screens\task_list_screen.dart
DA:9,1
DA:14,1
DA:16,3
DA:17,2
DA:18,4
DA:19,4
DA:21,1
DA:22,1
DA:23,1
DA:24,1
DA:29,1
DA:30,1
DA:32,0
DA:37,1
DA:38,0
DA:39,0
DA:40,0
DA:42,1
DA:44,1
DA:45,2
DA:46,1
DA:47,2
DA:48,3
DA:49,1
DA:50,1
DA:51,0
DA:52,0
DA:53,0
DA:55,1
DA:56,3
DA:58,1
DA:59,1
DA:61,3
DA:62,2
DA:63,2
DA:64,1
DA:66,3
DA:68,1
DA:71,0
DA:72,0
DA:73,0
DA:79,1
DA:82,4
DA:86,2
DA:88,1
DA:89,2
DA:91,3
DA:94,0
DA:99,1
DA:100,0
DA:103,1
DA:104,2
DA:113,1
DA:115,1
DA:117,1
DA:119,1
DA:121,1
DA:122,1
DA:123,1
DA:124,2
DA:135,1
DA:139,1
DA:140,1
DA:144,1
DA:146,1
LF:65
LH:53
end_of_record
SF:lib\screens\task_detail_screen.dart
DA:9,1
DA:15,1
DA:17,3
DA:18,2
DA:19,2
DA:20,4
DA:21,1
DA:25,1
DA:26,1
DA:28,1
DA:30,0
DA:33,1
DA:34,1
DA:35,1
DA:40,1
DA:41,1
DA:42,1
DA:43,1
DA:48,1
DA:50,0
DA:52,1
DA:53,1
DA:55,4
DA:58,1
DA:60,0
DA:65,1
DA:67,1
DA:69,1
DA:70,1
DA:71,2
DA:73,2
DA:79,1
DA:80,1
DA:81,1
DA:82,1
DA:89,1
DA:92,1
DA:94,1
DA:97,1
DA:99,1
DA:102,2
DA:104,1
DA:107,2
DA:110,4
DA:112,1
DA:115,1
DA:119,1
DA:122,1
DA:124,1
DA:125,1
DA:126,1
DA:127,0
DA:129,5
DA:132,1
DA:133,1
DA:135,1
DA:136,1
DA:137,1
DA:140,1
DA:141,2
DA:143,1
DA:144,1
DA:153,0
DA:155,0
DA:157,0
DA:159,0
DA:160,0
DA:161,0
DA:162,0
DA:164,0
DA:165,0
DA:166,0
DA:167,0
DA:168,0
DA:171,0
DA:180,1
DA:190,1
DA:193,1
DA:195,1
DA:197,0
DA:199,0
DA:208,1
DA:210,1
DA:212,1
DA:213,1
DA:214,1
DA:215,1
DA:217,2
DA:221,1
DA:230,1
DA:232,1
DA:233,1
DA:234,1
DA:236,0
DA:238,0
DA:243,1
DA:245,1
DA:246,1
DA:247,3
DA:248,1
DA:250,2
DA:253,1
DA:265,1
DA:272,1
DA:274,1
DA:276,1
DA:278,1
DA:279,2
DA:281,1
DA:282,1
DA:284,1
DA:285,2
DA:286,1
DA:287,2
DA:288,1
DA:290,2
DA:291,1
DA:292,2
LF:118
LH:97
end_of_record
SF:lib\screens\create_edit_task_screen.dart
DA:10,2
DA:12,1
DA:14,1
DA:28,3
DA:32,1
DA:34,1
DA:35,1
DA:36,3
DA:37,2
DA:38,5
DA:39,0
DA:42,3
DA:43,3
DA:44,3
DA:45,3
DA:46,2
DA:47,2
DA:52,1
DA:54,2
DA:55,2
DA:56,2
DA:57,2
DA:58,1
DA:61,1
DA:62,3
DA:64,0
DA:65,0
DA:66,0
DA:67,0
DA:68,0
DA:71,0
DA:72,0
DA:73,0
DA:74,0
DA:75,0
DA:76,0
DA:78,0
DA:79,0
DA:80,0
DA:84,0
DA:86,0
DA:87,0
DA:88,0
DA:89,0
DA:90,0
DA:91,0
DA:92,0
DA:93,0
DA:95,0
DA:96,0
DA:100,1
DA:102,4
DA:104,1
DA:105,1
DA:106,1
DA:107,1
DA:108,1
DA:112,1
DA:114,0
DA:115,0
DA:116,0
DA:119,1
DA:121,1
DA:122,1
DA:123,1
DA:125,1
DA:127,1
DA:128,1
DA:129,1
DA:130,1
DA:131,1
DA:132,3
DA:140,1
DA:141,1
DA:142,1
DA:143,1
DA:144,1
DA:145,3
DA:152,1
DA:153,1
DA:154,1
DA:155,1
DA:156,1
DA:157,3
DA:165,1
DA:166,1
DA:168,1
DA:169,7
DA:170,4
DA:176,1
DA:177,1
DA:178,1
DA:179,1
DA:180,1
DA:182,3
DA:184,2
DA:186,1
DA:187,0
DA:188,0
DA:194,1
DA:195,1
DA:196,1
DA:197,1
DA:198,1
DA:205,1
DA:207,1
DA:208,1
DA:209,1
DA:212,1
DA:213,1
DA:215,1
DA:216,1
DA:217,1
DA:229,2
DA:231,1
DA:232,1
DA:233,1
DA:238,2
DA:240,2
DA:241,2
DA:242,1
DA:243,1
DA:250,1
DA:260,1
DA:271,1
DA:279,1
DA:281,1
DA:282,3
DA:283,2
DA:284,1
DA:285,1
DA:286,3
DA:287,1
DA:291,1
DA:294,1
DA:295,1
DA:296,1
DA:299,1
DA:301,1
DA:302,2
DA:304,1
DA:305,2
DA:307,1
DA:313,1
LF:144
LH:113
end_of_record
SF:lib\screens\calendar_screen.dart
DA:6,1
DA:8,1
DA:10,3
DA:12,1
DA:13,1
DA:14,1
DA:15,1
DA:21,1
DA:23,1
DA:24,1
DA:28,1
DA:30,1
DA:32,1
DA:34,1
DA:35,1
DA:41,4
DA:48,3
DA:49,1
DA:55,1
DA:61,1
DA:67,1
DA:73,1
DA:83,1
DA:85,1
DA:87,1
DA:89,1
DA:90,1
DA:93,0
DA:96,1
DA:98,1
DA:99,2
DA:103,1
DA:106,0
DA:115,1
DA:117,1
DA:123,1
DA:125,2
DA:126,1
DA:128,1
DA:129,1
DA:130,1
DA:133,3
DA:135,1
DA:142,1
DA:145,1
DA:151,1
DA:152,1
DA:153,1
DA:154,2
DA:155,1
DA:156,2
DA:157,1
DA:158,1
DA:160,1
DA:162,1
DA:163,1
DA:171,1
DA:172,1
DA:173,1
DA:174,1
DA:187,1
DA:188,1
DA:211,1
DA:213,1
DA:214,2
DA:215,1
DA:217,1
DA:224,1
DA:226,1
DA:227,7
DA:228,1
DA:231,2
DA:232,1
DA:235,1
DA:236,1
DA:239,1
DA:240,1
DA:243,3
DA:244,1
DA:245,1
DA:246,1
DA:247,5
DA:249,4
DA:250,1
LF:84
LH:82
end_of_record
SF:lib\screens\profile_screen.dart
DA:7,1
DA:9,1
DA:10,1
DA:19,1
DA:21,2
DA:22,1
DA:25,1
DA:27,4
DA:28,4
DA:29,3
DA:30,4
DA:31,4
DA:33,0
DA:34,1
DA:35,1
DA:36,4
DA:37,1
DA:38,1
DA:40,1
DA:41,1
DA:42,1
DA:43,1
DA:49,1
DA:51,1
DA:53,1
DA:54,1
DA:55,1
DA:56,1
DA:57,1
DA:58,1
DA:61,1
DA:63,1
DA:65,1
DA:71,1
DA:72,1
DA:73,1
DA:75,0
DA:76,0
DA:79,1
DA:81,1
DA:82,1
DA:83,0
DA:84,1
DA:85,1
DA:88,1
DA:91,1
DA:92,2
DA:93,3
DA:99,1
DA:100,1
DA:101,0
DA:102,1
DA:103,2
DA:105,1
DA:106,1
DA:109,1
DA:110,1
DA:111,1
DA:113,1
DA:115,1
DA:116,1
DA:127,1
DA:128,1
DA:129,1
DA:130,1
DA:132,1
DA:138,1
DA:139,1
DA:141,1
DA:147,1
DA:148,1
DA:150,2
DA:160,1
DA:161,1
DA:164,0
DA:166,1
DA:171,1
DA:179,1
DA:181,1
DA:182,1
DA:183,5
DA:184,1
DA:187,1
DA:188,1
DA:192,1
DA:194,1
DA:195,1
DA:211,1
DA:218,1
DA:220,1
DA:222,1
DA:223,1
DA:225,1
DA:226,1
DA:227,2
DA:235,1
DA:237,1
DA:240,1
DA:242,1
DA:256,1
DA:263,1
DA:265,1
DA:267,1
DA:268,2
DA:269,1
DA:270,3
DA:272,1
DA:273,1
DA:274,2
DA:275,1
DA:276,2
DA:278,1
DA:279,2
DA:281,4
DA:291,1
DA:293,1
DA:295,1
DA:297,1
DA:298,2
DA:299,1
DA:300,2
DA:315,1
DA:322,1
DA:324,1
DA:326,2
DA:327,4
DA:328,2
DA:329,4
LF:128
LH:122
end_of_record
SF:lib\screens\settings_screen.dart
DA:6,1
DA:10,1
DA:12,2
DA:13,3
DA:14,1
DA:16,1
DA:17,1
DA:18,1
DA:19,1
DA:25,1
DA:27,1
DA:29,1
DA:30,1
DA:32,1
DA:34,1
DA:35,4
DA:36,1
DA:40,1
DA:42,3
DA:43,1
DA:44,1
DA:49,3
DA:50,1
DA:56,1
DA:60,1
DA:61,2
DA:64,1
DA:68,1
DA:69,0
DA:75,1
DA:76,1
DA:80,1
DA:81,0
DA:84,1
DA:89,1
DA:90,1
DA:92,1
DA:94,3
DA:96,0
DA:101,1
DA:102,1
DA:103,1
DA:107,1
DA:120,1
DA:122,1
DA:124,1
DA:126,1
DA:127,2
DA:128,1
DA:129,3
DA:146,1
DA:155,1
DA:157,1
DA:158,1
DA:159,3
DA:160,1
DA:163,2
DA:164,2
DA:165,2
DA:166,2
DA:168,4
DA:169,1
DA:170,1
DA:171,1
DA:172,2
DA:185,1
DA:191,1
DA:193,1
DA:197,6
DA:198,2
DA:199,3
LF:71
LH:68
end_of_record
SF:lib\widgets\app_shell.dart
DA:10,0
DA:43,0
DA:45,0
DA:46,0
DA:48,0
DA:49,0
DA:50,0
DA:52,0
DA:54,0
DA:57,0
DA:59,0
DA:61,0
DA:62,0
DA:64,0
DA:65,0
DA:74,0
DA:76,0
DA:77,0
DA:87,0
DA:89,0
DA:90,0
DA:92,0
DA:105,0
DA:106,0
DA:108,0
DA:109,0
DA:110,0
DA:111,0
DA:115,0
DA:118,0
DA:119,0
DA:120,0
DA:121,0
DA:125,0
DA:126,0
DA:127,0
DA:129,0
DA:134,0
DA:152,0
DA:159,0
DA:161,0
DA:163,0
DA:164,0
DA:165,0
DA:166,0
DA:167,0
DA:168,0
DA:171,0
DA:172,0
DA:174,0
DA:175,0
DA:176,0
DA:180,0
LF:53
LH:0
end_of_record
